-------------------------------------------------------------------------------
Test set: springbootjpa.SpringbootJpaApplicationTests
-------------------------------------------------------------------------------
Tests run: 1, Failures: 0, Errors: 1, Skipped: 0, Time elapsed: 1.054 s <<< FAILURE! - in springbootjpa.SpringbootJpaApplicationTests
initializationError(springbootjpa.SpringbootJpaApplicationTests)  Time elapsed: 0.008 s  <<< ERROR!
java.lang.IllegalStateException: Unable to find a @SpringBootConfiguration, you need to use @ContextConfiguration or @SpringBootTest(classes=...) with your test

