<?xml version="1.0" encoding="UTF-8"?>
<testsuite xmlns:xsi="http://www.w3.org/2001/XMLSchema-instance" xsi:noNamespaceSchemaLocation="https://maven.apache.org/surefire/maven-surefire-plugin/xsd/surefire-test-report.xsd" name="springbootjpa.SpringbootJpaApplicationTests" time="1.054" tests="1" errors="1" skipped="0" failures="0">
  <properties>
[...]
</properties>
  <testcase name="initializationError" classname="springbootjpa.SpringbootJpaApplicationTests" time="0.008">
    <error message="Unable to find a @SpringBootConfiguration, you need to use @ContextConfiguration or @SpringBootTest(classes=...) with your test" type="java.lang.IllegalStateException">java.lang.IllegalStateException: Unable to find a @SpringBootConfiguration, you need to use @ContextConfiguration or @SpringBootTest(classes=...) with your test
</error>
    <system-out><![CDATA[14:10:35.712 [main] DEBUG org.springframework.test.context.junit4.SpringJUnit4ClassRunner - SpringJUnit4ClassRunner constructor called with [class springbootjpa.SpringbootJpaApplicationTests]
14:10:35.724 [main] DEBUG org.springframework.test.context.BootstrapUtils - Instantiating CacheAwareContextLoaderDelegate from class [org.springframework.test.context.cache.DefaultCacheAwareContextLoaderDelegate]
14:10:35.747 [main] DEBUG org.springframework.test.context.BootstrapUtils - Instantiating BootstrapContext using constructor [public org.springframework.test.context.support.DefaultBootstrapContext(java.lang.Class,org.springframework.test.context.CacheAwareContextLoaderDelegate)]
14:10:35.777 [main] DEBUG org.springframework.test.context.BootstrapUtils - Instantiating TestContextBootstrapper for test class [springbootjpa.SpringbootJpaApplicationTests] from class [org.springframework.boot.test.context.SpringBootTestContextBootstrapper]
14:10:35.883 [main] INFO org.springframework.boot.test.context.SpringBootTestContextBootstrapper - Neither @ContextConfiguration nor @ContextHierarchy found for test class [springbootjpa.SpringbootJpaApplicationTests], using SpringBootContextLoader
14:10:35.888 [main] DEBUG org.springframework.test.context.support.AbstractContextLoader - Did not detect default resource location for test class [springbootjpa.SpringbootJpaApplicationTests]: class path resource [springbootjpa/SpringbootJpaApplicationTests-context.xml] does not exist
14:10:35.888 [main] DEBUG org.springframework.test.context.support.AbstractContextLoader - Did not detect default resource location for test class [springbootjpa.SpringbootJpaApplicationTests]: class path resource [springbootjpa/SpringbootJpaApplicationTestsContext.groovy] does not exist
14:10:35.888 [main] INFO org.springframework.test.context.support.AbstractContextLoader - Could not detect default resource locations for test class [springbootjpa.SpringbootJpaApplicationTests]: no resource found for suffixes {-context.xml, Context.groovy}.
14:10:35.899 [main] INFO org.springframework.test.context.support.AnnotationConfigContextLoaderUtils - Could not detect default configuration classes for test class [springbootjpa.SpringbootJpaApplicationTests]: SpringbootJpaApplicationTests does not declare any static, non-private, non-final, nested classes annotated with @Configuration.
14:10:36.022 [main] DEBUG org.springframework.test.context.support.ActiveProfilesUtils - Could not find an 'annotation declaring class' for annotation type [org.springframework.test.context.ActiveProfiles] and class [springbootjpa.SpringbootJpaApplicationTests]
14:10:36.042 [main] DEBUG org.springframework.core.env.StandardEnvironment - Adding PropertySource 'systemProperties' with lowest search precedence
14:10:36.042 [main] DEBUG org.springframework.core.env.StandardEnvironment - Adding PropertySource 'systemEnvironment' with lowest search precedence
14:10:36.043 [main] DEBUG org.springframework.core.env.StandardEnvironment - Initialized StandardEnvironment with PropertySources [MapPropertySource@302870502 {name='systemProperties', properties={idea.version=2017.3.5, java.runtime.name=Java(TM) SE Runtime Environment, sun.boot.library.path=C:\Program Files\Java\jdk1.8.0_172\jre\bin, java.vm.version=25.172-b03, java.vm.vendor=Oracle Corporation, java.vendor.url=http://java.oracle.com/, path.separator=;, java.vm.name=Java HotSpot(TM) 64-Bit Server VM, file.encoding.pkg=sun.io, user.country=CN, user.script=, sun.java.launcher=SUN_STANDARD, sun.os.patch.level=Service Pack 1, java.vm.specification.name=Java Virtual Machine Specification, user.dir=E:\QQ浏览器下载文件\you-yuan-AutoGeneratorCode-master\Multi_module\springboot-test, java.runtime.version=1.8.0_172-ea-b03, basedir=E:\QQ浏览器下载文件\you-yuan-AutoGeneratorCode-master\Multi_module\springboot-test, java.awt.graphicsenv=sun.awt.Win32GraphicsEnvironment, java.endorsed.dirs=C:\Program Files\Java\jdk1.8.0_172\jre\lib\endorsed, os.arch=amd64, surefire.real.class.path=C:\Users\admin\AppData\Local\Temp\surefire6423571276954746586\surefirebooter874547419933943165.jar, java.io.tmpdir=C:\Users\admin\AppData\Local\Temp\, line.separator=
, java.vm.specification.vendor=Oracle Corporation, user.variant=, os.name=Windows 7, sun.jnu.encoding=GBK, java.library.path=C:\Program Files\Java\jdk1.8.0_172\jre\bin;C:\Windows\Sun\Java\bin;C:\Windows\system32;C:\Windows;D:\apache-maven-3.5.3\bin;D:\apache-tomcat-9.0.6\bin;C:\Program Files\Java\jdk1.8.0_172\bin;C:\ProgramData\Oracle\Java\javapath;C:\Windows\system32;C:\Windows;C:\Windows\System32\Wbem;C:\Windows\System32\WindowsPowerShell\v1.0\;C:\Program Files\TortoiseSVN\bin;D:\Git\cmd;;D:\Microsoft VS Code\bin;., surefire.test.class.path=E:\QQ浏览器下载文件\you-yuan-AutoGeneratorCode-master\Multi_module\springboot-test\target\test-classes;E:\QQ浏览器下载文件\you-yuan-AutoGeneratorCode-master\Multi_module\springboot-test\target\classes;C:\Users\admin\.m2\repository\org\springframework\boot\spring-boot-starter-test\2.0.1.RELEASE\spring-boot-starter-test-2.0.1.RELEASE.jar;C:\Users\admin\.m2\repository\org\springframework\boot\spring-boot-starter\2.0.1.RELEASE\spring-boot-starter-2.0.1.RELEASE.jar;C:\Users\admin\.m2\repository\org\springframework\boot\spring-boot-starter-logging\2.0.1.RELEASE\spring-boot-starter-logging-2.0.1.RELEASE.jar;C:\Users\admin\.m2\repository\ch\qos\logback\logback-classic\1.2.3\logback-classic-1.2.3.jar;C:\Users\admin\.m2\repository\ch\qos\logback\logback-core\1.2.3\logback-core-1.2.3.jar;C:\Users\admin\.m2\repository\org\apache\logging\log4j\log4j-to-slf4j\2.10.0\log4j-to-slf4j-2.10.0.jar;C:\Users\admin\.m2\repository\org\apache\logging\log4j\log4j-api\2.10.0\log4j-api-2.10.0.jar;C:\Users\admin\.m2\repository\org\slf4j\jul-to-slf4j\1.7.25\jul-to-slf4j-1.7.25.jar;C:\Users\admin\.m2\repository\javax\annotation\javax.annotation-api\1.3.2\javax.annotation-api-1.3.2.jar;C:\Users\admin\.m2\repository\org\yaml\snakeyaml\1.19\snakeyaml-1.19.jar;C:\Users\admin\.m2\repository\org\springframework\boot\spring-boot-test\2.0.1.RELEASE\spring-boot-test-2.0.1.RELEASE.jar;C:\Users\admin\.m2\repository\org\springframework\boot\spring-boot-test-autoconfigure\2.0.1.RELEASE\spring-boot-test-autoconfigure-2.0.1.RELEASE.jar;C:\Users\admin\.m2\repository\com\jayway\jsonpath\json-path\2.4.0\json-path-2.4.0.jar;C:\Users\admin\.m2\repository\net\minidev\json-smart\2.3\json-smart-2.3.jar;C:\Users\admin\.m2\repository\net\minidev\accessors-smart\1.2\accessors-smart-1.2.jar;C:\Users\admin\.m2\repository\org\ow2\asm\asm\5.0.4\asm-5.0.4.jar;C:\Users\admin\.m2\repository\org\slf4j\slf4j-api\1.7.25\slf4j-api-1.7.25.jar;C:\Users\admin\.m2\repository\org\assertj\assertj-core\3.9.1\assertj-core-3.9.1.jar;C:\Users\admin\.m2\repository\org\mockito\mockito-core\2.15.0\mockito-core-2.15.0.jar;C:\Users\admin\.m2\repository\net\bytebuddy\byte-buddy\1.7.11\byte-buddy-1.7.11.jar;C:\Users\admin\.m2\repository\net\bytebuddy\byte-buddy-agent\1.7.11\byte-buddy-agent-1.7.11.jar;C:\Users\admin\.m2\repository\org\objenesis\objenesis\2.6\objenesis-2.6.jar;C:\Users\admin\.m2\repository\org\hamcrest\hamcrest-core\1.3\hamcrest-core-1.3.jar;C:\Users\admin\.m2\repository\org\hamcrest\hamcrest-library\1.3\hamcrest-library-1.3.jar;C:\Users\admin\.m2\repository\org\skyscreamer\jsonassert\1.5.0\jsonassert-1.5.0.jar;C:\Users\admin\.m2\repository\com\vaadin\external\google\android-json\0.0.20131108.vaadin1\android-json-0.0.20131108.vaadin1.jar;C:\Users\admin\.m2\repository\org\springframework\spring-core\5.0.5.RELEASE\spring-core-5.0.5.RELEASE.jar;C:\Users\admin\.m2\repository\org\springframework\spring-jcl\5.0.5.RELEASE\spring-jcl-5.0.5.RELEASE.jar;C:\Users\admin\.m2\repository\org\springframework\spring-test\5.0.5.RELEASE\spring-test-5.0.5.RELEASE.jar;C:\Users\admin\.m2\repository\org\xmlunit\xmlunit-core\2.5.1\xmlunit-core-2.5.1.jar;C:\Users\admin\.m2\repository\junit\junit\4.12\junit-4.12.jar;C:\Users\admin\.m2\repository\org\springframework\spring-mock\2.0.8\spring-mock-2.0.8.jar;C:\Users\admin\.m2\repository\commons-logging\commons-logging\1.1\commons-logging-1.1.jar;C:\Users\admin\.m2\repository\log4j\log4j\1.2.12\log4j-1.2.12.jar;C:\Users\admin\.m2\repository\logkit\logkit\1.0.1\logkit-1.0.1.jar;C:\Users\admin\.m2\repository\avalon-framework\avalon-framework\4.1.3\avalon-framework-4.1.3.jar;C:\Users\admin\.m2\repository\javax\servlet\servlet-api\2.3\servlet-api-2.3.jar;E:\QQ浏览器下载文件\you-yuan-AutoGeneratorCode-master\Multi_module\springboot-service2\target\springboot-service2-0.0.1-SNAPSHOT.jar;C:\Users\admin\.m2\repository\org\springframework\boot\spring-boot-autoconfigure\2.0.1.RELEASE\spring-boot-autoconfigure-2.0.1.RELEASE.jar;E:\QQ浏览器下载文件\you-yuan-AutoGeneratorCode-master\Multi_module\springboot-service1\target\springboot-service1-0.0.1-SNAPSHOT.jar;E:\QQ浏览器下载文件\you-yuan-AutoGeneratorCode-master\Multi_module\springboot-jpa\target\springboot-jpa-0.0.1-SNAPSHOT.jar;C:\Users\admin\.m2\repository\org\springframework\boot\spring-boot-starter-data-jpa\2.0.1.RELEASE\spring-boot-starter-data-jpa-2.0.1.RELEASE.jar;C:\Users\admin\.m2\repository\org\springframework\boot\spring-boot-starter-aop\2.0.1.RELEASE\spring-boot-starter-aop-2.0.1.RELEASE.jar;C:\Users\admin\.m2\repository\org\springframework\spring-aop\5.0.5.RELEASE\spring-aop-5.0.5.RELEASE.jar;C:\Users\admin\.m2\repository\org\aspectj\aspectjweaver\1.8.13\aspectjweaver-1.8.13.jar;C:\Users\admin\.m2\repository\org\hibernate\hibernate-core\5.2.16.Final\hibernate-core-5.2.16.Final.jar;C:\Users\admin\.m2\repository\org\jboss\logging\jboss-logging\3.3.2.Final\jboss-logging-3.3.2.Final.jar;C:\Users\admin\.m2\repository\org\hibernate\javax\persistence\hibernate-jpa-2.1-api\1.0.0.Final\hibernate-jpa-2.1-api-1.0.0.Final.jar;C:\Users\admin\.m2\repository\org\javassist\javassist\3.22.0-GA\javassist-3.22.0-GA.jar;C:\Users\admin\.m2\repository\antlr\antlr\2.7.7\antlr-2.7.7.jar;C:\Users\admin\.m2\repository\org\jboss\jandex\2.0.3.Final\jandex-2.0.3.Final.jar;C:\Users\admin\.m2\repository\com\fasterxml\classmate\1.3.4\classmate-1.3.4.jar;C:\Users\admin\.m2\repository\dom4j\dom4j\1.6.1\dom4j-1.6.1.jar;C:\Users\admin\.m2\repository\org\hibernate\common\hibernate-commons-annotations\5.0.1.Final\hibernate-commons-annotations-5.0.1.Final.jar;C:\Users\admin\.m2\repository\javax\transaction\javax.transaction-api\1.2\javax.transaction-api-1.2.jar;C:\Users\admin\.m2\repository\org\springframework\data\spring-data-jpa\2.0.6.RELEASE\spring-data-jpa-2.0.6.RELEASE.jar;C:\Users\admin\.m2\repository\org\springframework\data\spring-data-commons\2.0.6.RELEASE\spring-data-commons-2.0.6.RELEASE.jar;C:\Users\admin\.m2\repository\org\springframework\spring-orm\5.0.5.RELEASE\spring-orm-5.0.5.RELEASE.jar;C:\Users\admin\.m2\repository\org\springframework\spring-tx\5.0.5.RELEASE\spring-tx-5.0.5.RELEASE.jar;C:\Users\admin\.m2\repository\org\springframework\spring-beans\5.0.5.RELEASE\spring-beans-5.0.5.RELEASE.jar;C:\Users\admin\.m2\repository\org\springframework\spring-aspects\5.0.5.RELEASE\spring-aspects-5.0.5.RELEASE.jar;C:\Users\admin\.m2\repository\mysql\mysql-connector-java\5.1.46\mysql-connector-java-5.1.46.jar;E:\QQ浏览器下载文件\you-yuan-AutoGeneratorCode-master\Multi_module\springboot-dao\target\springboot-dao-0.0.1-SNAPSHOT.jar;C:\Users\admin\.m2\repository\org\springframework\boot\spring-boot-starter-jdbc\2.0.1.RELEASE\spring-boot-starter-jdbc-2.0.1.RELEASE.jar;C:\Users\admin\.m2\repository\com\zaxxer\HikariCP\2.7.8\HikariCP-2.7.8.jar;C:\Users\admin\.m2\repository\org\springframework\spring-jdbc\5.0.5.RELEASE\spring-jdbc-5.0.5.RELEASE.jar;C:\Users\admin\.m2\repository\org\mybatis\generator\mybatis-generator-core\1.3.6\mybatis-generator-core-1.3.6.jar;C:\Users\admin\.m2\repository\org\mybatis\spring\boot\mybatis-spring-boot-starter\1.3.2\mybatis-spring-boot-starter-1.3.2.jar;C:\Users\admin\.m2\repository\org\mybatis\spring\boot\mybatis-spring-boot-autoconfigure\1.3.2\mybatis-spring-boot-autoconfigure-1.3.2.jar;C:\Users\admin\.m2\repository\org\mybatis\mybatis\3.4.6\mybatis-3.4.6.jar;C:\Users\admin\.m2\repository\org\mybatis\mybatis-spring\1.3.2\mybatis-spring-1.3.2.jar;C:\Users\admin\.m2\repository\org\springframework\boot\spring-boot-devtools\2.0.1.RELEASE\spring-boot-devtools-2.0.1.RELEASE.jar;C:\Users\admin\.m2\repository\org\springframework\boot\spring-boot\2.0.1.RELEASE\spring-boot-2.0.1.RELEASE.jar;C:\Users\admin\.m2\repository\org\springframework\spring-context\5.0.5.RELEASE\spring-context-5.0.5.RELEASE.jar;C:\Users\admin\.m2\repository\org\springframework\spring-expression\5.0.5.RELEASE\spring-expression-5.0.5.RELEASE.jar;, java.specification.name=Java Platform API Specification, java.class.version=52.0, sun.management.compiler=HotSpot 64-Bit Tiered Compilers, os.version=6.1, user.home=C:\Users\admin, user.timezone=Asia/Shanghai, java.awt.printerjob=sun.awt.windows.WPrinterJob, file.encoding=GBK, java.specification.version=1.8, java.class.path=E:\QQ浏览器下载文件\you-yuan-AutoGeneratorCode-master\Multi_module\springboot-test\target\test-classes;E:\QQ浏览器下载文件\you-yuan-AutoGeneratorCode-master\Multi_module\springboot-test\target\classes;C:\Users\admin\.m2\repository\org\springframework\boot\spring-boot-starter-test\2.0.1.RELEASE\spring-boot-starter-test-2.0.1.RELEASE.jar;C:\Users\admin\.m2\repository\org\springframework\boot\spring-boot-starter\2.0.1.RELEASE\spring-boot-starter-2.0.1.RELEASE.jar;C:\Users\admin\.m2\repository\org\springframework\boot\spring-boot-starter-logging\2.0.1.RELEASE\spring-boot-starter-logging-2.0.1.RELEASE.jar;C:\Users\admin\.m2\repository\ch\qos\logback\logback-classic\1.2.3\logback-classic-1.2.3.jar;C:\Users\admin\.m2\repository\ch\qos\logback\logback-core\1.2.3\logback-core-1.2.3.jar;C:\Users\admin\.m2\repository\org\apache\logging\log4j\log4j-to-slf4j\2.10.0\log4j-to-slf4j-2.10.0.jar;C:\Users\admin\.m2\repository\org\apache\logging\log4j\log4j-api\2.10.0\log4j-api-2.10.0.jar;C:\Users\admin\.m2\repository\org\slf4j\jul-to-slf4j\1.7.25\jul-to-slf4j-1.7.25.jar;C:\Users\admin\.m2\repository\javax\annotation\javax.annotation-api\1.3.2\javax.annotation-api-1.3.2.jar;C:\Users\admin\.m2\repository\org\yaml\snakeyaml\1.19\snakeyaml-1.19.jar;C:\Users\admin\.m2\repository\org\springframework\boot\spring-boot-test\2.0.1.RELEASE\spring-boot-test-2.0.1.RELEASE.jar;C:\Users\admin\.m2\repository\org\springframework\boot\spring-boot-test-autoconfigure\2.0.1.RELEASE\spring-boot-test-autoconfigure-2.0.1.RELEASE.jar;C:\Users\admin\.m2\repository\com\jayway\jsonpath\json-path\2.4.0\json-path-2.4.0.jar;C:\Users\admin\.m2\repository\net\minidev\json-smart\2.3\json-smart-2.3.jar;C:\Users\admin\.m2\repository\net\minidev\accessors-smart\1.2\accessors-smart-1.2.jar;C:\Users\admin\.m2\repository\org\ow2\asm\asm\5.0.4\asm-5.0.4.jar;C:\Users\admin\.m2\repository\org\slf4j\slf4j-api\1.7.25\slf4j-api-1.7.25.jar;C:\Users\admin\.m2\repository\org\assertj\assertj-core\3.9.1\assertj-core-3.9.1.jar;C:\Users\admin\.m2\repository\org\mockito\mockito-core\2.15.0\mockito-core-2.15.0.jar;C:\Users\admin\.m2\repository\net\bytebuddy\byte-buddy\1.7.11\byte-buddy-1.7.11.jar;C:\Users\admin\.m2\repository\net\bytebuddy\byte-buddy-agent\1.7.11\byte-buddy-agent-1.7.11.jar;C:\Users\admin\.m2\repository\org\objenesis\objenesis\2.6\objenesis-2.6.jar;C:\Users\admin\.m2\repository\org\hamcrest\hamcrest-core\1.3\hamcrest-core-1.3.jar;C:\Users\admin\.m2\repository\org\hamcrest\hamcrest-library\1.3\hamcrest-library-1.3.jar;C:\Users\admin\.m2\repository\org\skyscreamer\jsonassert\1.5.0\jsonassert-1.5.0.jar;C:\Users\admin\.m2\repository\com\vaadin\external\google\android-json\0.0.20131108.vaadin1\android-json-0.0.20131108.vaadin1.jar;C:\Users\admin\.m2\repository\org\springframework\spring-core\5.0.5.RELEASE\spring-core-5.0.5.RELEASE.jar;C:\Users\admin\.m2\repository\org\springframework\spring-jcl\5.0.5.RELEASE\spring-jcl-5.0.5.RELEASE.jar;C:\Users\admin\.m2\repository\org\springframework\spring-test\5.0.5.RELEASE\spring-test-5.0.5.RELEASE.jar;C:\Users\admin\.m2\repository\org\xmlunit\xmlunit-core\2.5.1\xmlunit-core-2.5.1.jar;C:\Users\admin\.m2\repository\junit\junit\4.12\junit-4.12.jar;C:\Users\admin\.m2\repository\org\springframework\spring-mock\2.0.8\spring-mock-2.0.8.jar;C:\Users\admin\.m2\repository\commons-logging\commons-logging\1.1\commons-logging-1.1.jar;C:\Users\admin\.m2\repository\log4j\log4j\1.2.12\log4j-1.2.12.jar;C:\Users\admin\.m2\repository\logkit\logkit\1.0.1\logkit-1.0.1.jar;C:\Users\admin\.m2\repository\avalon-framework\avalon-framework\4.1.3\avalon-framework-4.1.3.jar;C:\Users\admin\.m2\repository\javax\servlet\servlet-api\2.3\servlet-api-2.3.jar;E:\QQ浏览器下载文件\you-yuan-AutoGeneratorCode-master\Multi_module\springboot-service2\target\springboot-service2-0.0.1-SNAPSHOT.jar;C:\Users\admin\.m2\repository\org\springframework\boot\spring-boot-autoconfigure\2.0.1.RELEASE\spring-boot-autoconfigure-2.0.1.RELEASE.jar;E:\QQ浏览器下载文件\you-yuan-AutoGeneratorCode-master\Multi_module\springboot-service1\target\springboot-service1-0.0.1-SNAPSHOT.jar;E:\QQ浏览器下载文件\you-yuan-AutoGeneratorCode-master\Multi_module\springboot-jpa\target\springboot-jpa-0.0.1-SNAPSHOT.jar;C:\Users\admin\.m2\repository\org\springframework\boot\spring-boot-starter-data-jpa\2.0.1.RELEASE\spring-boot-starter-data-jpa-2.0.1.RELEASE.jar;C:\Users\admin\.m2\repository\org\springframework\boot\spring-boot-starter-aop\2.0.1.RELEASE\spring-boot-starter-aop-2.0.1.RELEASE.jar;C:\Users\admin\.m2\repository\org\springframework\spring-aop\5.0.5.RELEASE\spring-aop-5.0.5.RELEASE.jar;C:\Users\admin\.m2\repository\org\aspectj\aspectjweaver\1.8.13\aspectjweaver-1.8.13.jar;C:\Users\admin\.m2\repository\org\hibernate\hibernate-core\5.2.16.Final\hibernate-core-5.2.16.Final.jar;C:\Users\admin\.m2\repository\org\jboss\logging\jboss-logging\3.3.2.Final\jboss-logging-3.3.2.Final.jar;C:\Users\admin\.m2\repository\org\hibernate\javax\persistence\hibernate-jpa-2.1-api\1.0.0.Final\hibernate-jpa-2.1-api-1.0.0.Final.jar;C:\Users\admin\.m2\repository\org\javassist\javassist\3.22.0-GA\javassist-3.22.0-GA.jar;C:\Users\admin\.m2\repository\antlr\antlr\2.7.7\antlr-2.7.7.jar;C:\Users\admin\.m2\repository\org\jboss\jandex\2.0.3.Final\jandex-2.0.3.Final.jar;C:\Users\admin\.m2\repository\com\fasterxml\classmate\1.3.4\classmate-1.3.4.jar;C:\Users\admin\.m2\repository\dom4j\dom4j\1.6.1\dom4j-1.6.1.jar;C:\Users\admin\.m2\repository\org\hibernate\common\hibernate-commons-annotations\5.0.1.Final\hibernate-commons-annotations-5.0.1.Final.jar;C:\Users\admin\.m2\repository\javax\transaction\javax.transaction-api\1.2\javax.transaction-api-1.2.jar;C:\Users\admin\.m2\repository\org\springframework\data\spring-data-jpa\2.0.6.RELEASE\spring-data-jpa-2.0.6.RELEASE.jar;C:\Users\admin\.m2\repository\org\springframework\data\spring-data-commons\2.0.6.RELEASE\spring-data-commons-2.0.6.RELEASE.jar;C:\Users\admin\.m2\repository\org\springframework\spring-orm\5.0.5.RELEASE\spring-orm-5.0.5.RELEASE.jar;C:\Users\admin\.m2\repository\org\springframework\spring-tx\5.0.5.RELEASE\spring-tx-5.0.5.RELEASE.jar;C:\Users\admin\.m2\repository\org\springframework\spring-beans\5.0.5.RELEASE\spring-beans-5.0.5.RELEASE.jar;C:\Users\admin\.m2\repository\org\springframework\spring-aspects\5.0.5.RELEASE\spring-aspects-5.0.5.RELEASE.jar;C:\Users\admin\.m2\repository\mysql\mysql-connector-java\5.1.46\mysql-connector-java-5.1.46.jar;E:\QQ浏览器下载文件\you-yuan-AutoGeneratorCode-master\Multi_module\springboot-dao\target\springboot-dao-0.0.1-SNAPSHOT.jar;C:\Users\admin\.m2\repository\org\springframework\boot\spring-boot-starter-jdbc\2.0.1.RELEASE\spring-boot-starter-jdbc-2.0.1.RELEASE.jar;C:\Users\admin\.m2\repository\com\zaxxer\HikariCP\2.7.8\HikariCP-2.7.8.jar;C:\Users\admin\.m2\repository\org\springframework\spring-jdbc\5.0.5.RELEASE\spring-jdbc-5.0.5.RELEASE.jar;C:\Users\admin\.m2\repository\org\mybatis\generator\mybatis-generator-core\1.3.6\mybatis-generator-core-1.3.6.jar;C:\Users\admin\.m2\repository\org\mybatis\spring\boot\mybatis-spring-boot-starter\1.3.2\mybatis-spring-boot-starter-1.3.2.jar;C:\Users\admin\.m2\repository\org\mybatis\spring\boot\mybatis-spring-boot-autoconfigure\1.3.2\mybatis-spring-boot-autoconfigure-1.3.2.jar;C:\Users\admin\.m2\repository\org\mybatis\mybatis\3.4.6\mybatis-3.4.6.jar;C:\Users\admin\.m2\repository\org\mybatis\mybatis-spring\1.3.2\mybatis-spring-1.3.2.jar;C:\Users\admin\.m2\repository\org\springframework\boot\spring-boot-devtools\2.0.1.RELEASE\spring-boot-devtools-2.0.1.RELEASE.jar;C:\Users\admin\.m2\repository\org\springframework\boot\spring-boot\2.0.1.RELEASE\spring-boot-2.0.1.RELEASE.jar;C:\Users\admin\.m2\repository\org\springframework\spring-context\5.0.5.RELEASE\spring-context-5.0.5.RELEASE.jar;C:\Users\admin\.m2\repository\org\springframework\spring-expression\5.0.5.RELEASE\spring-expression-5.0.5.RELEASE.jar;, user.name=admin, java.vm.specification.version=1.8, sun.java.command=C:\Users\admin\AppData\Local\Temp\surefire6423571276954746586\surefirebooter874547419933943165.jar C:\Users\admin\AppData\Local\Temp\surefire6423571276954746586 2018-04-17T14-10-21_751-jvmRun1 surefire820838223692642846tmp surefire_0328917562684438064tmp, java.home=C:\Program Files\Java\jdk1.8.0_172\jre, sun.arch.data.model=64, user.language=zh, java.specification.vendor=Oracle Corporation, awt.toolkit=sun.awt.windows.WToolkit, java.vm.info=mixed mode, java.version=1.8.0_172-ea, java.ext.dirs=C:\Program Files\Java\jdk1.8.0_172\jre\lib\ext;C:\Windows\Sun\Java\lib\ext, sun.boot.class.path=C:\Program Files\Java\jdk1.8.0_172\jre\lib\resources.jar;C:\Program Files\Java\jdk1.8.0_172\jre\lib\rt.jar;C:\Program Files\Java\jdk1.8.0_172\jre\lib\sunrsasign.jar;C:\Program Files\Java\jdk1.8.0_172\jre\lib\jsse.jar;C:\Program Files\Java\jdk1.8.0_172\jre\lib\jce.jar;C:\Program Files\Java\jdk1.8.0_172\jre\lib\charsets.jar;C:\Program Files\Java\jdk1.8.0_172\jre\lib\jfr.jar;C:\Program Files\Java\jdk1.8.0_172\jre\classes, java.vendor=Oracle Corporation, localRepository=C:\Users\admin\.m2\repository, file.separator=\, java.vendor.url.bug=http://bugreport.sun.com/bugreport/, sun.io.unicode.encoding=UnicodeLittle, sun.cpu.endian=little, sun.desktop=windows, sun.cpu.isalist=amd64}}, SystemEnvironmentPropertySource@1268959798 {name='systemEnvironment', properties={PATH=D:\apache-maven-3.5.3\bin;D:\apache-tomcat-9.0.6\bin;C:\Program Files\Java\jdk1.8.0_172\bin;C:\ProgramData\Oracle\Java\javapath;C:\Windows\system32;C:\Windows;C:\Windows\System32\Wbem;C:\Windows\System32\WindowsPowerShell\v1.0\;C:\Program Files\TortoiseSVN\bin;D:\Git\cmd;;D:\Microsoft VS Code\bin, LOCALAPPDATA=C:\Users\admin\AppData\Local, PROCESSOR_LEVEL=6, SYSTEMDRIVE=C:, COMMONPROGRAMFILES(X86)=C:\Program Files (x86)\Common Files, FP_NO_HOST_CHECK=NO, USERDOMAIN=admin-PC, LOGONSERVER=\\ADMIN-PC, JAVA_HOME=C:\Program Files\Java\jdk1.8.0_172, PROMPT=$P$G, SESSIONNAME=Console, ALLUSERSPROFILE=C:\ProgramData, PROGRAMFILES(X86)=C:\Program Files (x86), PROCESSOR_ARCHITECTURE=AMD64, =E:=E:\QQ浏览器下载文件\you-yuan-AutoGeneratorCode-master\Multi_module\springboot-test, PROGRAMFILES=C:\Program Files, WINDOWS_TRACING_FLAGS=3, APPDATA=C:\Users\admin\AppData\Roaming, PSMODULEPATH=C:\Windows\system32\WindowsPowerShell\v1.0\Modules\, PROGRAMW6432=C:\Program Files, PROGRAMDATA=C:\ProgramData, SYSTEMROOT=C:\Windows, USERNAME=admin, PATHEXT=.COM;.EXE;.BAT;.CMD;.VBS;.VBE;.JS;.JSE;.WSF;.WSH;.MSC, OS=Windows_NT, COMMONPROGRAMW6432=C:\Program Files\Common Files, COMPUTERNAME=ADMIN-PC, COMMONPROGRAMFILES=C:\Program Files\Common Files, COMSPEC=C:\Windows\system32\cmd.exe, CATALINA_HOME=D:\apache-tomcat-9.0.6, PROCESSOR_REVISION=3c03, WINDIR=C:\Windows, HOMEPATH=\Users\admin, TEMP=C:\Users\admin\AppData\Local\Temp, HOMEDRIVE=C:, PROCESSOR_IDENTIFIER=Intel64 Family 6 Model 60 Stepping 3, GenuineIntel, USERPROFILE=C:\Users\admin, TMP=C:\Users\admin\AppData\Local\Temp, WINDOWS_TRACING_LOGFILE=C:\BVTBin\Tests\installpackage\csilogfile.log, PUBLIC=C:\Users\Public, NUMBER_OF_PROCESSORS=4}}]
14:10:36.181 [main] DEBUG org.springframework.core.io.support.PathMatchingResourcePatternResolver - Resolved classpath location [springbootjpa/] to resources [URL [file:/E:/QQ%E6%B5%8F%E8%A7%88%E5%99%A8%E4%B8%8B%E8%BD%BD%E6%96%87%E4%BB%B6/you-yuan-AutoGeneratorCode-master/Multi_module/springboot-test/target/test-classes/springbootjpa/]]
14:10:36.182 [main] DEBUG org.springframework.core.io.support.PathMatchingResourcePatternResolver - Looking for matching resources in directory tree [E:\QQ浏览器下载文件\you-yuan-AutoGeneratorCode-master\Multi_module\springboot-test\target\test-classes\springbootjpa]
14:10:36.183 [main] DEBUG org.springframework.core.io.support.PathMatchingResourcePatternResolver - Searching directory [E:\QQ浏览器下载文件\you-yuan-AutoGeneratorCode-master\Multi_module\springboot-test\target\test-classes\springbootjpa] for files matching pattern [E:/QQ浏览器下载文件/you-yuan-AutoGeneratorCode-master/Multi_module/springboot-test/target/test-classes/springbootjpa/*.class]
14:10:36.189 [main] DEBUG org.springframework.core.io.support.PathMatchingResourcePatternResolver - Resolved location pattern [classpath*:springbootjpa/*.class] to resources [file [E:\QQ浏览器下载文件\you-yuan-AutoGeneratorCode-master\Multi_module\springboot-test\target\test-classes\springbootjpa\SpringbootJpaApplicationTests.class]]
]]></system-out>
  </testcase>
</testsuite>